<?xml version="1.0" encoding="UTF-8"?>
<!-- Generated by org.testng.reporters.JUnitReportReporter -->
<testsuite hostname="buvko" name="cz.muni.fi.pa165.mushrooms.dao.MushroomTest" tests="1" failures="0" timestamp="26 Oct 2017 18:06:37 GMT" time="0.377" errors="0">
  <testcase name="createPrice" time="0.377" classname="cz.muni.fi.pa165.mushrooms.dao.MushroomTest"/>
</testsuite> <!-- cz.muni.fi.pa165.mushrooms.dao.MushroomTest -->
